<?xml version="1.0" encoding="UTF-8"?>
<!-- Generated by org.testng.reporters.JUnitReportReporter -->
<testsuite hostname="GOPALNAMASIVAYA" failures="0" tests="1" name="com.qa.runner.MyRunner" time="27.671" errors="0" timestamp="30 Oct 2020 18:42:37 GMT" skipped="0">
  <testcase classname="com.qa.runner.MyRunner" name="feature" time="27.671"/>
</testsuite> <!-- com.qa.runner.MyRunner -->
